<?xml version="1.0" encoding="UTF-8"?>
<!-- Generated by org.testng.reporters.JUnitReportReporter -->
<testsuite hostname="auy-lt-083" name="test.MercadoLibreSearchTest" tests="1" failures="0" timestamp="7 Apr 2016 04:08:13 GMT" time="7.009" errors="0">
  <testcase name="testSearch" time="7.009" classname="test.MercadoLibreSearchTest"/>
</testsuite> <!-- test.MercadoLibreSearchTest -->
