<?xml version="1.0" encoding="UTF-8"?>
<!-- Generated by org.testng.reporters.JUnitReportReporter -->
<testsuite hostname="auy-lt-083" name="test.MercadoLibreTest" tests="1" failures="0" timestamp="7 Apr 2016 04:08:13 GMT" time="7.418" errors="0">
  <testcase name="testLoginAdmin" time="7.418" classname="test.MercadoLibreTest"/>
</testsuite> <!-- test.MercadoLibreTest -->
